2022-05-18 09:02:39,457 - PatchUser - INFO - Program started
2022-05-18 09:10:15,556 - PatchUser - INFO - Program started
2022-05-18 09:14:56,613 - PatchUser - INFO - Program started
2022-05-18 09:14:56,613 - PatchUser - INFO - Program started
2022-05-18 09:17:42,656 - PatchUser - INFO - Program started
2022-05-18 09:17:45,139 - PatchUser - INFO - Program started
2022-05-18 09:17:45,139 - PatchUser - INFO - Program started
2022-05-18 09:17:45,302 - PatchUser - INFO - Program started
2022-05-18 09:17:45,302 - PatchUser - INFO - Program started
2022-05-18 09:17:45,302 - PatchUser - INFO - Program started
2022-05-18 09:17:45,461 - PatchUser - INFO - Program started
2022-05-18 09:17:45,461 - PatchUser - INFO - Program started
2022-05-18 09:17:45,461 - PatchUser - INFO - Program started
2022-05-18 09:17:45,461 - PatchUser - INFO - Program started
2022-05-18 09:17:45,623 - PatchUser - INFO - Program started
2022-05-18 09:17:45,623 - PatchUser - INFO - Program started
2022-05-18 09:17:45,623 - PatchUser - INFO - Program started
2022-05-18 09:17:45,623 - PatchUser - INFO - Program started
2022-05-18 09:17:45,623 - PatchUser - INFO - Program started
2022-05-18 09:17:45,765 - PatchUser - INFO - Program started
2022-05-18 09:17:45,765 - PatchUser - INFO - Program started
2022-05-18 09:17:45,765 - PatchUser - INFO - Program started
2022-05-18 09:17:45,765 - PatchUser - INFO - Program started
2022-05-18 09:17:45,765 - PatchUser - INFO - Program started
2022-05-18 09:17:45,765 - PatchUser - INFO - Program started
2022-05-18 09:17:45,934 - PatchUser - INFO - Program started
2022-05-18 09:17:45,934 - PatchUser - INFO - Program started
2022-05-18 09:17:45,934 - PatchUser - INFO - Program started
2022-05-18 09:17:45,934 - PatchUser - INFO - Program started
2022-05-18 09:17:45,934 - PatchUser - INFO - Program started
2022-05-18 09:17:45,934 - PatchUser - INFO - Program started
2022-05-18 09:17:45,934 - PatchUser - INFO - Program started
2022-05-18 09:17:46,096 - PatchUser - INFO - Program started
2022-05-18 09:17:46,096 - PatchUser - INFO - Program started
2022-05-18 09:17:46,096 - PatchUser - INFO - Program started
2022-05-18 09:17:46,096 - PatchUser - INFO - Program started
2022-05-18 09:17:46,096 - PatchUser - INFO - Program started
2022-05-18 09:17:46,096 - PatchUser - INFO - Program started
2022-05-18 09:17:46,096 - PatchUser - INFO - Program started
2022-05-18 09:17:46,096 - PatchUser - INFO - Program started
2022-05-18 09:17:46,281 - PatchUser - INFO - Program started
2022-05-18 09:17:46,281 - PatchUser - INFO - Program started
2022-05-18 09:17:46,281 - PatchUser - INFO - Program started
2022-05-18 09:17:46,281 - PatchUser - INFO - Program started
2022-05-18 09:17:46,281 - PatchUser - INFO - Program started
2022-05-18 09:17:46,281 - PatchUser - INFO - Program started
2022-05-18 09:17:46,281 - PatchUser - INFO - Program started
2022-05-18 09:17:46,281 - PatchUser - INFO - Program started
2022-05-18 09:17:46,281 - PatchUser - INFO - Program started
2022-05-18 09:17:46,976 - PatchUser - INFO - Program started
2022-05-18 09:17:46,976 - PatchUser - INFO - Program started
2022-05-18 09:17:46,976 - PatchUser - INFO - Program started
2022-05-18 09:17:46,976 - PatchUser - INFO - Program started
2022-05-18 09:17:46,976 - PatchUser - INFO - Program started
2022-05-18 09:17:46,976 - PatchUser - INFO - Program started
2022-05-18 09:17:46,976 - PatchUser - INFO - Program started
2022-05-18 09:17:46,976 - PatchUser - INFO - Program started
2022-05-18 09:17:46,976 - PatchUser - INFO - Program started
2022-05-18 09:17:46,976 - PatchUser - INFO - Program started
2022-05-18 09:17:47,951 - PatchUser - INFO - Program started
2022-05-18 09:17:47,951 - PatchUser - INFO - Program started
2022-05-18 09:17:47,951 - PatchUser - INFO - Program started
2022-05-18 09:17:47,951 - PatchUser - INFO - Program started
2022-05-18 09:17:47,951 - PatchUser - INFO - Program started
2022-05-18 09:17:47,951 - PatchUser - INFO - Program started
2022-05-18 09:17:47,951 - PatchUser - INFO - Program started
2022-05-18 09:17:47,951 - PatchUser - INFO - Program started
2022-05-18 09:17:47,951 - PatchUser - INFO - Program started
2022-05-18 09:17:47,951 - PatchUser - INFO - Program started
2022-05-18 09:17:47,951 - PatchUser - INFO - Program started
2022-05-18 09:19:22,342 - PatchUser - INFO - Program started
2022-05-18 09:20:57,529 - PatchUser - INFO - Program started
2022-05-18 09:20:57,529 - PatchUser - INFO - Program started
2022-05-18 09:21:07,735 - PatchUser - INFO - Program started
2022-05-18 09:21:07,735 - PatchUser - INFO - Program started
2022-05-18 09:21:07,735 - PatchUser - INFO - Program started
2022-05-18 09:22:10,455 - PatchUser - INFO - Program started
2022-05-18 09:22:16,735 - PatchUser - INFO - Program started
2022-05-18 09:22:16,735 - PatchUser - INFO - Program started
2022-05-18 09:22:57,868 - PatchUser - INFO - Program started
2022-05-18 09:23:14,901 - PatchUser - INFO - Program started
2022-05-18 09:23:38,871 - PatchUser - INFO - Program started
2022-05-18 09:23:38,871 - PatchUser - INFO - Program started
2022-05-18 09:23:43,872 - PatchUser - INFO - Program started
2022-05-18 09:24:04,264 - PatchUser - INFO - Program started
2022-05-18 09:24:34,830 - PatchUser - INFO - Program started
2022-05-18 09:24:40,623 - PatchUser - INFO - Program started
2022-05-18 09:24:40,623 - PatchUser - INFO - Program started
2022-05-18 09:25:03,861 - PatchUser - INFO - Program started
2022-05-18 09:25:14,694 - PatchUser - INFO - Program started
2022-05-18 09:25:25,234 - PatchUser - INFO - Program started
2022-05-18 09:25:25,237 - PatchUser - INFO - {'last_name': 'Dima', 'first_name': 'slava8aks@mail.ru', 'phone': '54455521488', 'email': 'slava8aks@mail.ru', 'country': 'vitebsk', 'city': 'Belarus'}
2022-05-18 09:26:39,170 - PatchUser - INFO - Program started
2022-05-18 09:26:39,174 - PatchUser - INFO - {'last_name': 'Dima', 'first_name': 'slava8aks@mail.ru', 'phone': '54455521488', 'email': 'slava8aks@mail.ru', 'country': 'vitebsk', 'city': 'Belarus'}
2022-05-18 09:30:58,618 - PatchUser - INFO - Program started
2022-05-18 09:30:58,621 - PatchUser - INFO - {'last_name': 'Dima', 'first_name': 'slava8aks@mail.ru', 'phone': '54455521488', 'email': 'slava8aks@mail.ru', 'country': 'vitebsk', 'city': 'Belarus'}
2022-05-18 09:32:41,251 - PatchUser - INFO - Program started
2022-05-18 09:32:41,254 - PatchUser - INFO - {'last_name': ' ', 'first_name': 'asdasd', 'phone': 'NaN', 'email': ' ', 'country': ' ', 'city': ' '}
2022-05-18 09:40:13,676 - PatchUser - INFO - Program started
2022-05-18 09:40:13,676 - PatchUser - INFO - Program started
2022-05-18 09:40:13,678 - PatchUser - INFO - {'last_name': 'qweqwewq', 'first_name': 'asdasd', 'phone': '555', 'email': 'slava8aks@mail.ru', 'country': 'saasd', 'city': 'dasdasd'}
2022-05-18 09:40:13,678 - PatchUser - INFO - {'last_name': 'qweqwewq', 'first_name': 'asdasd', 'phone': '555', 'email': 'slava8aks@mail.ru', 'country': 'saasd', 'city': 'dasdasd'}
2022-05-18 09:42:57,932 - PatchUser - INFO - Program started
2022-05-18 09:42:57,938 - PatchUser - INFO - {'last_name': 'qweqwewq', 'first_name': 'asdasd', 'phone': '555', 'email': 'slava8aks@mail.ru', 'country': 'saasd', 'city': 'dasdasd'}
2022-05-18 09:46:04,123 - PatchUser - INFO - Program started
2022-05-18 09:46:04,126 - PatchUser - INFO - {'last_name': 'qweqwewq', 'first_name': 'asdasd', 'phone': '555', 'email': 'slava8aks@mail.ru', 'country': 'saasd', 'city': 'dasdasd'}
2022-05-18 09:48:26,059 - PatchUser - INFO - Program started
2022-05-18 09:48:26,059 - PatchUser - INFO - Program started
2022-05-18 09:48:26,062 - PatchUser - INFO - {'last_name': 'qweqwewq', 'first_name': 'asdasd', 'phone': '555', 'email': 'slavaa8aks@mail.ru', 'country': 'saasd', 'city': 'dasdasd'}
2022-05-18 09:48:26,062 - PatchUser - INFO - {'last_name': 'qweqwewq', 'first_name': 'asdasd', 'phone': '555', 'email': 'slavaa8aks@mail.ru', 'country': 'saasd', 'city': 'dasdasd'}
2022-05-18 09:56:29,421 - PatchUser - INFO - Program started
2022-05-18 09:56:29,425 - PatchUser - INFO - {'last_name': 'sdsd', 'first_name': 'sdsd', 'phone': 'NaN', 'email': 'slava8aks@mail.ru', 'country': 'ddkd', 'city': 'qwqwwqw'}
2022-05-18 10:00:26,539 - PatchUser - INFO - Program started
2022-05-18 10:00:26,539 - PatchUser - INFO - Program started
2022-05-18 10:00:26,542 - PatchUser - INFO - {'last_name': 'Aksenov', 'first_name': 'Dmitry', 'phone': '55555', 'email': 'slava8aks@mail.ru', 'country': 'Vitebsk', 'city': 'Belarus'}
2022-05-18 10:00:26,542 - PatchUser - INFO - {'last_name': 'Aksenov', 'first_name': 'Dmitry', 'phone': '55555', 'email': 'slava8aks@mail.ru', 'country': 'Vitebsk', 'city': 'Belarus'}
2022-05-18 10:00:58,305 - PatchUser - INFO - Program started
2022-05-18 10:00:58,305 - PatchUser - INFO - Program started
2022-05-18 10:00:58,305 - PatchUser - INFO - Program started
2022-05-18 10:00:58,307 - PatchUser - INFO - {'last_name': 'Aksenov', 'first_name': 'Dmitry', 'phone': '55555', 'email': 'slava8aks@mail.ru', 'country': 'Vitebsk', 'city': 'Belarus'}
2022-05-18 10:00:58,307 - PatchUser - INFO - {'last_name': 'Aksenov', 'first_name': 'Dmitry', 'phone': '55555', 'email': 'slava8aks@mail.ru', 'country': 'Vitebsk', 'city': 'Belarus'}
2022-05-18 10:00:58,307 - PatchUser - INFO - {'last_name': 'Aksenov', 'first_name': 'Dmitry', 'phone': '55555', 'email': 'slava8aks@mail.ru', 'country': 'Vitebsk', 'city': 'Belarus'}
2022-05-18 10:06:41,340 - PatchUser - INFO - Program started
2022-05-18 10:06:41,340 - PatchUser - INFO - Program started
2022-05-18 10:06:41,340 - PatchUser - INFO - Program started
2022-05-18 10:06:41,340 - PatchUser - INFO - Program started
2022-05-18 10:06:41,343 - PatchUser - INFO - {'last_name': ' ', 'first_name': 'asdasdd', 'phone': 'NaN', 'email': ' ', 'country': ' ', 'city': ' '}
2022-05-18 10:06:41,343 - PatchUser - INFO - {'last_name': ' ', 'first_name': 'asdasdd', 'phone': 'NaN', 'email': ' ', 'country': ' ', 'city': ' '}
2022-05-18 10:06:41,343 - PatchUser - INFO - {'last_name': ' ', 'first_name': 'asdasdd', 'phone': 'NaN', 'email': ' ', 'country': ' ', 'city': ' '}
2022-05-18 10:06:41,343 - PatchUser - INFO - {'last_name': ' ', 'first_name': 'asdasdd', 'phone': 'NaN', 'email': ' ', 'country': ' ', 'city': ' '}
2022-05-18 11:39:20,145 - PatchUser - INFO - Program started
2022-05-18 11:39:20,146 - PatchUser - INFO - {'last_name': 'Slava', 'first_name': 'Aksenov', 'phone': '555555', 'email': 'aks8slava@mail.ru', 'country': 'slava', 'city': 'dddd'}
2022-05-18 11:39:55,271 - PatchUser - INFO - Program started
2022-05-18 11:39:55,273 - PatchUser - INFO - {'last_name': 'Slava', 'first_name': 'Aksenov', 'phone': '555555', 'email': 'aks8slava@mail.ru', 'country': 'slava', 'city': 'dddd'}
2022-05-18 11:41:05,990 - PatchUser - INFO - Program started
2022-05-18 11:41:05,992 - PatchUser - INFO - {'last_name': 'Slava', 'first_name': 'Aksenov', 'phone': '555555', 'email': 'aks8slava@mail.ru', 'country': 'slava', 'city': 'dddd'}
2022-05-18 11:41:13,695 - PatchUser - INFO - Program started
2022-05-18 11:41:13,695 - PatchUser - INFO - Program started
2022-05-18 11:41:13,697 - PatchUser - INFO - {'last_name': 'Slava', 'first_name': 'Aksenov', 'phone': '555555', 'email': 'aks8slava@mail.ru', 'country': 'slava', 'city': 'dddd'}
2022-05-18 11:41:13,697 - PatchUser - INFO - {'last_name': 'Slava', 'first_name': 'Aksenov', 'phone': '555555', 'email': 'aks8slava@mail.ru', 'country': 'slava', 'city': 'dddd'}
2022-05-18 11:49:46,541 - PatchUser - INFO - Program started
2022-05-18 11:49:46,543 - PatchUser - INFO - {'last_name': 'Aksenov', 'first_name': 'Slava', 'phone': '34567', 'email': 'aks8slava@mail.ru', 'country': 'Vitebsc', 'city': 'Belarus'}
2022-05-18 11:50:20,071 - PatchUser - INFO - Program started
2022-05-18 11:50:20,072 - PatchUser - INFO - {'last_name': 'Aksenov', 'first_name': 'Slava', 'phone': '34567', 'email': 'aks8slava@mail.ru', 'country': 'Vitebsc', 'city': 'Belarus'}
2022-05-18 11:51:08,212 - PatchUser - INFO - Program started
2022-05-18 11:51:08,213 - PatchUser - INFO - {'last_name': 'Aksenov', 'first_name': 'Slava', 'phone': '34567', 'email': 'aks8slava@mail.ru', 'country': 'Vitebsc', 'city': 'Belarus'}
2022-05-18 11:51:17,742 - PatchUser - INFO - Program started
2022-05-18 11:51:17,743 - PatchUser - INFO - {'last_name': 'Aksenov', 'first_name': 'Slava', 'phone': '34567', 'email': 'aks8slava@mail.ru', 'country': 'Vitebsc', 'city': 'Belarus'}
2022-05-18 11:51:32,886 - PatchUser - INFO - Program started
2022-05-18 11:51:32,888 - PatchUser - INFO - {'last_name': 'Aksenov', 'first_name': 'Slava', 'phone': '34567', 'email': 'aks8slava@mail.ru', 'country': 'Vitebsc', 'city': 'Belarus'}
2022-05-18 11:51:55,869 - PatchUser - INFO - Program started
2022-05-18 11:53:12,950 - PatchUser - INFO - Program started
2022-05-18 11:53:12,950 - PatchUser - INFO - Program started
2022-05-18 11:53:35,978 - PatchUser - INFO - Program started
2022-05-18 11:53:35,978 - PatchUser - INFO - Program started
2022-05-18 11:53:35,978 - PatchUser - INFO - Program started
2022-05-18 11:55:32,370 - PatchUser - INFO - Program started
2022-05-18 11:55:32,370 - PatchUser - INFO - Program started
2022-05-18 11:55:32,370 - PatchUser - INFO - Program started
2022-05-18 11:55:32,370 - PatchUser - INFO - Program started
2022-05-18 11:55:53,182 - PatchUser - INFO - Program started
2022-05-18 11:55:53,182 - PatchUser - INFO - Program started
2022-05-18 11:55:53,182 - PatchUser - INFO - Program started
2022-05-18 11:55:53,182 - PatchUser - INFO - Program started
2022-05-18 11:55:53,182 - PatchUser - INFO - Program started
2022-05-18 12:00:54,641 - PatchUser - INFO - Program started
2022-05-18 12:00:54,641 - PatchUser - INFO - Program started
2022-05-18 12:00:54,641 - PatchUser - INFO - Program started
2022-05-18 12:00:54,641 - PatchUser - INFO - Program started
2022-05-18 12:00:54,641 - PatchUser - INFO - Program started
2022-05-18 12:00:54,641 - PatchUser - INFO - Program started
2022-05-18 12:01:05,218 - PatchUser - INFO - Program started
2022-05-18 12:01:05,218 - PatchUser - INFO - Program started
2022-05-18 12:01:05,218 - PatchUser - INFO - Program started
2022-05-18 12:01:05,218 - PatchUser - INFO - Program started
2022-05-18 12:01:05,218 - PatchUser - INFO - Program started
2022-05-18 12:01:05,218 - PatchUser - INFO - Program started
2022-05-18 12:01:05,218 - PatchUser - INFO - Program started
2022-05-18 12:04:08,087 - PatchUser - INFO - Program started
2022-05-18 12:04:08,087 - PatchUser - INFO - Program started
2022-05-18 12:04:08,087 - PatchUser - INFO - Program started
2022-05-18 12:04:08,087 - PatchUser - INFO - Program started
2022-05-18 12:04:08,087 - PatchUser - INFO - Program started
2022-05-18 12:04:08,087 - PatchUser - INFO - Program started
2022-05-18 12:04:08,087 - PatchUser - INFO - Program started
2022-05-18 12:04:08,087 - PatchUser - INFO - Program started
2022-05-18 12:04:25,457 - PatchUser - INFO - Program started
2022-05-18 12:04:25,457 - PatchUser - INFO - Program started
2022-05-18 12:04:25,457 - PatchUser - INFO - Program started
2022-05-18 12:04:25,457 - PatchUser - INFO - Program started
2022-05-18 12:04:25,457 - PatchUser - INFO - Program started
2022-05-18 12:04:25,457 - PatchUser - INFO - Program started
2022-05-18 12:04:25,457 - PatchUser - INFO - Program started
2022-05-18 12:04:25,457 - PatchUser - INFO - Program started
2022-05-18 12:04:25,457 - PatchUser - INFO - Program started
2022-05-18 12:11:32,572 - PatchUser - INFO - Program started
2022-05-18 12:11:32,572 - PatchUser - INFO - Program started
2022-05-18 12:11:32,572 - PatchUser - INFO - Program started
2022-05-18 12:11:32,572 - PatchUser - INFO - Program started
2022-05-18 12:11:32,572 - PatchUser - INFO - Program started
2022-05-18 12:11:32,572 - PatchUser - INFO - Program started
2022-05-18 12:11:32,572 - PatchUser - INFO - Program started
2022-05-18 12:11:32,572 - PatchUser - INFO - Program started
2022-05-18 12:11:32,572 - PatchUser - INFO - Program started
2022-05-18 12:11:32,572 - PatchUser - INFO - Program started
2022-05-18 12:11:54,590 - PatchUser - INFO - Program started
2022-05-18 12:11:54,590 - PatchUser - INFO - Program started
2022-05-18 12:11:54,590 - PatchUser - INFO - Program started
2022-05-18 12:11:54,590 - PatchUser - INFO - Program started
2022-05-18 12:11:54,590 - PatchUser - INFO - Program started
2022-05-18 12:11:54,590 - PatchUser - INFO - Program started
2022-05-18 12:11:54,590 - PatchUser - INFO - Program started
2022-05-18 12:11:54,590 - PatchUser - INFO - Program started
2022-05-18 12:11:54,590 - PatchUser - INFO - Program started
2022-05-18 12:11:54,590 - PatchUser - INFO - Program started
2022-05-18 12:11:54,590 - PatchUser - INFO - Program started
2022-05-18 12:12:51,637 - PatchUser - INFO - Program started
2022-05-18 12:12:51,637 - PatchUser - INFO - Program started
2022-05-18 12:12:51,637 - PatchUser - INFO - Program started
2022-05-18 12:12:51,637 - PatchUser - INFO - Program started
2022-05-18 12:12:51,637 - PatchUser - INFO - Program started
2022-05-18 12:12:51,637 - PatchUser - INFO - Program started
2022-05-18 12:12:51,637 - PatchUser - INFO - Program started
2022-05-18 12:12:51,637 - PatchUser - INFO - Program started
2022-05-18 12:12:51,637 - PatchUser - INFO - Program started
2022-05-18 12:12:51,637 - PatchUser - INFO - Program started
2022-05-18 12:12:51,637 - PatchUser - INFO - Program started
2022-05-18 12:12:51,637 - PatchUser - INFO - Program started
2022-05-18 12:22:45,637 - PatchUser - INFO - Program started
2022-05-18 12:22:45,638 - PatchUser - INFO - {'last_name': 'Aks', 'avatar': 'file:///storage/emulated/0/Android/data/com.shoppinglist/files/Pictures/33c29324-1fe2-496e-b09a-4c7631490ce5.jpg', 'first_name': 'Slava', 'phone': '5555', 'email': 'aks8slava@mail.ru', 'country': 'Dortmund', 'city': 'Borusia'}
2022-05-18 12:24:19,886 - PatchUser - INFO - Program started
2022-05-18 12:24:19,886 - PatchUser - INFO - Program started
2022-05-18 12:24:19,888 - PatchUser - INFO - {'last_name': 'Aks', 'first_name': 'Slava', 'phone': '5555', 'email': 'aks8slava@mail.ru', 'country': 'Dortmund', 'city': 'Borusia'}
2022-05-18 12:24:19,888 - PatchUser - INFO - {'last_name': 'Aks', 'first_name': 'Slava', 'phone': '5555', 'email': 'aks8slava@mail.ru', 'country': 'Dortmund', 'city': 'Borusia'}
2022-05-18 12:24:29,612 - PatchUser - INFO - Program started
2022-05-18 12:24:29,612 - PatchUser - INFO - Program started
2022-05-18 12:24:29,612 - PatchUser - INFO - Program started
2022-05-18 12:24:29,614 - PatchUser - INFO - {'last_name': 'Aks', 'first_name': 'Slava', 'phone': '5555', 'email': 'aks8slava@mail.ru', 'country': 'Dortmund', 'city': 'Borusia'}
2022-05-18 12:24:29,614 - PatchUser - INFO - {'last_name': 'Aks', 'first_name': 'Slava', 'phone': '5555', 'email': 'aks8slava@mail.ru', 'country': 'Dortmund', 'city': 'Borusia'}
2022-05-18 12:24:29,614 - PatchUser - INFO - {'last_name': 'Aks', 'first_name': 'Slava', 'phone': '5555', 'email': 'aks8slava@mail.ru', 'country': 'Dortmund', 'city': 'Borusia'}
2022-05-18 12:24:32,249 - PatchUser - INFO - Program started
2022-05-18 12:24:32,250 - PatchUser - INFO - {'last_name': 'Aks', 'first_name': 'Slava', 'phone': '5555', 'email': 'aks8slava@mail.ru', 'country': 'Dortmund', 'city': 'Borusia'}
2022-05-18 12:24:44,996 - PatchUser - INFO - Program started
2022-05-18 12:24:44,998 - PatchUser - INFO - {'last_name': 'Aks', 'first_name': 'Slava', 'phone': '5555', 'email': 'aks8slava@mail.ru', 'country': 'Dortmund', 'city': 'Borusia'}
2022-05-18 12:25:05,565 - PatchUser - INFO - Program started
2022-05-18 12:25:05,566 - PatchUser - INFO - {'last_name': 'Aks', 'first_name': 'Slava', 'phone': '5555', 'email': 'aks8slava@mail.ru', 'country': 'Dortmund', 'city': 'Borusia'}
2022-05-18 12:25:43,162 - PatchUser - INFO - Program started
2022-05-18 12:25:43,162 - PatchUser - INFO - Program started
2022-05-18 12:25:43,163 - PatchUser - INFO - {'last_name': 'Aks', 'first_name': 'Slava', 'phone': '5555', 'email': 'aks8slava@mail.ru', 'country': 'Dortmund', 'city': 'Borusia'}
2022-05-18 12:25:43,163 - PatchUser - INFO - {'last_name': 'Aks', 'first_name': 'Slava', 'phone': '5555', 'email': 'aks8slava@mail.ru', 'country': 'Dortmund', 'city': 'Borusia'}
2022-05-18 12:25:43,830 - PatchUser - INFO - Program started
2022-05-18 12:25:43,830 - PatchUser - INFO - Program started
2022-05-18 12:25:43,830 - PatchUser - INFO - Program started
2022-05-18 12:25:43,832 - PatchUser - INFO - {'last_name': 'Aks', 'first_name': 'Slava', 'phone': '5555', 'email': 'aks8slava@mail.ru', 'country': 'Dortmund', 'city': 'Borusia'}
2022-05-18 12:25:43,832 - PatchUser - INFO - {'last_name': 'Aks', 'first_name': 'Slava', 'phone': '5555', 'email': 'aks8slava@mail.ru', 'country': 'Dortmund', 'city': 'Borusia'}
2022-05-18 12:25:43,832 - PatchUser - INFO - {'last_name': 'Aks', 'first_name': 'Slava', 'phone': '5555', 'email': 'aks8slava@mail.ru', 'country': 'Dortmund', 'city': 'Borusia'}
2022-05-18 12:25:43,943 - PatchUser - INFO - Program started
2022-05-18 12:25:43,943 - PatchUser - INFO - Program started
2022-05-18 12:25:43,943 - PatchUser - INFO - Program started
2022-05-18 12:25:43,943 - PatchUser - INFO - Program started
2022-05-18 12:25:43,945 - PatchUser - INFO - {'last_name': 'Aks', 'first_name': 'Slava', 'phone': '5555', 'email': 'aks8slava@mail.ru', 'country': 'Dortmund', 'city': 'Borusia'}
2022-05-18 12:25:43,945 - PatchUser - INFO - {'last_name': 'Aks', 'first_name': 'Slava', 'phone': '5555', 'email': 'aks8slava@mail.ru', 'country': 'Dortmund', 'city': 'Borusia'}
2022-05-18 12:25:43,945 - PatchUser - INFO - {'last_name': 'Aks', 'first_name': 'Slava', 'phone': '5555', 'email': 'aks8slava@mail.ru', 'country': 'Dortmund', 'city': 'Borusia'}
2022-05-18 12:25:43,945 - PatchUser - INFO - {'last_name': 'Aks', 'first_name': 'Slava', 'phone': '5555', 'email': 'aks8slava@mail.ru', 'country': 'Dortmund', 'city': 'Borusia'}
2022-05-18 12:25:44,114 - PatchUser - INFO - Program started
2022-05-18 12:25:44,114 - PatchUser - INFO - Program started
2022-05-18 12:25:44,114 - PatchUser - INFO - Program started
2022-05-18 12:25:44,114 - PatchUser - INFO - Program started
2022-05-18 12:25:44,114 - PatchUser - INFO - Program started
2022-05-18 12:25:44,116 - PatchUser - INFO - {'last_name': 'Aks', 'first_name': 'Slava', 'phone': '5555', 'email': 'aks8slava@mail.ru', 'country': 'Dortmund', 'city': 'Borusia'}
2022-05-18 12:25:44,116 - PatchUser - INFO - {'last_name': 'Aks', 'first_name': 'Slava', 'phone': '5555', 'email': 'aks8slava@mail.ru', 'country': 'Dortmund', 'city': 'Borusia'}
2022-05-18 12:25:44,116 - PatchUser - INFO - {'last_name': 'Aks', 'first_name': 'Slava', 'phone': '5555', 'email': 'aks8slava@mail.ru', 'country': 'Dortmund', 'city': 'Borusia'}
2022-05-18 12:25:44,116 - PatchUser - INFO - {'last_name': 'Aks', 'first_name': 'Slava', 'phone': '5555', 'email': 'aks8slava@mail.ru', 'country': 'Dortmund', 'city': 'Borusia'}
2022-05-18 12:25:44,116 - PatchUser - INFO - {'last_name': 'Aks', 'first_name': 'Slava', 'phone': '5555', 'email': 'aks8slava@mail.ru', 'country': 'Dortmund', 'city': 'Borusia'}
2022-05-18 12:25:44,263 - PatchUser - INFO - Program started
2022-05-18 12:25:44,263 - PatchUser - INFO - Program started
2022-05-18 12:25:44,263 - PatchUser - INFO - Program started
2022-05-18 12:25:44,263 - PatchUser - INFO - Program started
2022-05-18 12:25:44,263 - PatchUser - INFO - Program started
2022-05-18 12:25:44,263 - PatchUser - INFO - Program started
2022-05-18 12:25:44,265 - PatchUser - INFO - {'last_name': 'Aks', 'first_name': 'Slava', 'phone': '5555', 'email': 'aks8slava@mail.ru', 'country': 'Dortmund', 'city': 'Borusia'}
2022-05-18 12:25:44,265 - PatchUser - INFO - {'last_name': 'Aks', 'first_name': 'Slava', 'phone': '5555', 'email': 'aks8slava@mail.ru', 'country': 'Dortmund', 'city': 'Borusia'}
2022-05-18 12:25:44,265 - PatchUser - INFO - {'last_name': 'Aks', 'first_name': 'Slava', 'phone': '5555', 'email': 'aks8slava@mail.ru', 'country': 'Dortmund', 'city': 'Borusia'}
2022-05-18 12:25:44,265 - PatchUser - INFO - {'last_name': 'Aks', 'first_name': 'Slava', 'phone': '5555', 'email': 'aks8slava@mail.ru', 'country': 'Dortmund', 'city': 'Borusia'}
2022-05-18 12:25:44,265 - PatchUser - INFO - {'last_name': 'Aks', 'first_name': 'Slava', 'phone': '5555', 'email': 'aks8slava@mail.ru', 'country': 'Dortmund', 'city': 'Borusia'}
2022-05-18 12:25:44,265 - PatchUser - INFO - {'last_name': 'Aks', 'first_name': 'Slava', 'phone': '5555', 'email': 'aks8slava@mail.ru', 'country': 'Dortmund', 'city': 'Borusia'}
2022-05-18 12:25:44,419 - PatchUser - INFO - Program started
2022-05-18 12:25:44,419 - PatchUser - INFO - Program started
2022-05-18 12:25:44,419 - PatchUser - INFO - Program started
2022-05-18 12:25:44,419 - PatchUser - INFO - Program started
2022-05-18 12:25:44,419 - PatchUser - INFO - Program started
2022-05-18 12:25:44,419 - PatchUser - INFO - Program started
2022-05-18 12:25:44,419 - PatchUser - INFO - Program started
2022-05-18 12:25:44,422 - PatchUser - INFO - {'last_name': 'Aks', 'first_name': 'Slava', 'phone': '5555', 'email': 'aks8slava@mail.ru', 'country': 'Dortmund', 'city': 'Borusia'}
2022-05-18 12:25:44,422 - PatchUser - INFO - {'last_name': 'Aks', 'first_name': 'Slava', 'phone': '5555', 'email': 'aks8slava@mail.ru', 'country': 'Dortmund', 'city': 'Borusia'}
2022-05-18 12:25:44,422 - PatchUser - INFO - {'last_name': 'Aks', 'first_name': 'Slava', 'phone': '5555', 'email': 'aks8slava@mail.ru', 'country': 'Dortmund', 'city': 'Borusia'}
2022-05-18 12:25:44,422 - PatchUser - INFO - {'last_name': 'Aks', 'first_name': 'Slava', 'phone': '5555', 'email': 'aks8slava@mail.ru', 'country': 'Dortmund', 'city': 'Borusia'}
2022-05-18 12:25:44,422 - PatchUser - INFO - {'last_name': 'Aks', 'first_name': 'Slava', 'phone': '5555', 'email': 'aks8slava@mail.ru', 'country': 'Dortmund', 'city': 'Borusia'}
2022-05-18 12:25:44,422 - PatchUser - INFO - {'last_name': 'Aks', 'first_name': 'Slava', 'phone': '5555', 'email': 'aks8slava@mail.ru', 'country': 'Dortmund', 'city': 'Borusia'}
2022-05-18 12:25:44,422 - PatchUser - INFO - {'last_name': 'Aks', 'first_name': 'Slava', 'phone': '5555', 'email': 'aks8slava@mail.ru', 'country': 'Dortmund', 'city': 'Borusia'}
2022-05-18 12:25:44,577 - PatchUser - INFO - Program started
2022-05-18 12:25:44,577 - PatchUser - INFO - Program started
2022-05-18 12:25:44,577 - PatchUser - INFO - Program started
2022-05-18 12:25:44,577 - PatchUser - INFO - Program started
2022-05-18 12:25:44,577 - PatchUser - INFO - Program started
2022-05-18 12:25:44,577 - PatchUser - INFO - Program started
2022-05-18 12:25:44,577 - PatchUser - INFO - Program started
2022-05-18 12:25:44,577 - PatchUser - INFO - Program started
2022-05-18 12:25:44,581 - PatchUser - INFO - {'last_name': 'Aks', 'first_name': 'Slava', 'phone': '5555', 'email': 'aks8slava@mail.ru', 'country': 'Dortmund', 'city': 'Borusia'}
2022-05-18 12:25:44,581 - PatchUser - INFO - {'last_name': 'Aks', 'first_name': 'Slava', 'phone': '5555', 'email': 'aks8slava@mail.ru', 'country': 'Dortmund', 'city': 'Borusia'}
2022-05-18 12:25:44,581 - PatchUser - INFO - {'last_name': 'Aks', 'first_name': 'Slava', 'phone': '5555', 'email': 'aks8slava@mail.ru', 'country': 'Dortmund', 'city': 'Borusia'}
2022-05-18 12:25:44,581 - PatchUser - INFO - {'last_name': 'Aks', 'first_name': 'Slava', 'phone': '5555', 'email': 'aks8slava@mail.ru', 'country': 'Dortmund', 'city': 'Borusia'}
2022-05-18 12:25:44,581 - PatchUser - INFO - {'last_name': 'Aks', 'first_name': 'Slava', 'phone': '5555', 'email': 'aks8slava@mail.ru', 'country': 'Dortmund', 'city': 'Borusia'}
2022-05-18 12:25:44,581 - PatchUser - INFO - {'last_name': 'Aks', 'first_name': 'Slava', 'phone': '5555', 'email': 'aks8slava@mail.ru', 'country': 'Dortmund', 'city': 'Borusia'}
2022-05-18 12:25:44,581 - PatchUser - INFO - {'last_name': 'Aks', 'first_name': 'Slava', 'phone': '5555', 'email': 'aks8slava@mail.ru', 'country': 'Dortmund', 'city': 'Borusia'}
2022-05-18 12:25:44,581 - PatchUser - INFO - {'last_name': 'Aks', 'first_name': 'Slava', 'phone': '5555', 'email': 'aks8slava@mail.ru', 'country': 'Dortmund', 'city': 'Borusia'}
2022-05-18 12:25:44,719 - PatchUser - INFO - Program started
2022-05-18 12:25:44,719 - PatchUser - INFO - Program started
2022-05-18 12:25:44,719 - PatchUser - INFO - Program started
2022-05-18 12:25:44,719 - PatchUser - INFO - Program started
2022-05-18 12:25:44,719 - PatchUser - INFO - Program started
2022-05-18 12:25:44,719 - PatchUser - INFO - Program started
2022-05-18 12:25:44,719 - PatchUser - INFO - Program started
2022-05-18 12:25:44,719 - PatchUser - INFO - Program started
2022-05-18 12:25:44,719 - PatchUser - INFO - Program started
2022-05-18 12:25:44,722 - PatchUser - INFO - {'last_name': 'Aks', 'first_name': 'Slava', 'phone': '5555', 'email': 'aks8slava@mail.ru', 'country': 'Dortmund', 'city': 'Borusia'}
2022-05-18 12:25:44,722 - PatchUser - INFO - {'last_name': 'Aks', 'first_name': 'Slava', 'phone': '5555', 'email': 'aks8slava@mail.ru', 'country': 'Dortmund', 'city': 'Borusia'}
2022-05-18 12:25:44,722 - PatchUser - INFO - {'last_name': 'Aks', 'first_name': 'Slava', 'phone': '5555', 'email': 'aks8slava@mail.ru', 'country': 'Dortmund', 'city': 'Borusia'}
2022-05-18 12:25:44,722 - PatchUser - INFO - {'last_name': 'Aks', 'first_name': 'Slava', 'phone': '5555', 'email': 'aks8slava@mail.ru', 'country': 'Dortmund', 'city': 'Borusia'}
2022-05-18 12:25:44,722 - PatchUser - INFO - {'last_name': 'Aks', 'first_name': 'Slava', 'phone': '5555', 'email': 'aks8slava@mail.ru', 'country': 'Dortmund', 'city': 'Borusia'}
2022-05-18 12:25:44,722 - PatchUser - INFO - {'last_name': 'Aks', 'first_name': 'Slava', 'phone': '5555', 'email': 'aks8slava@mail.ru', 'country': 'Dortmund', 'city': 'Borusia'}
2022-05-18 12:25:44,722 - PatchUser - INFO - {'last_name': 'Aks', 'first_name': 'Slava', 'phone': '5555', 'email': 'aks8slava@mail.ru', 'country': 'Dortmund', 'city': 'Borusia'}
2022-05-18 12:25:44,722 - PatchUser - INFO - {'last_name': 'Aks', 'first_name': 'Slava', 'phone': '5555', 'email': 'aks8slava@mail.ru', 'country': 'Dortmund', 'city': 'Borusia'}
2022-05-18 12:25:44,722 - PatchUser - INFO - {'last_name': 'Aks', 'first_name': 'Slava', 'phone': '5555', 'email': 'aks8slava@mail.ru', 'country': 'Dortmund', 'city': 'Borusia'}
2022-05-18 12:26:54,036 - PatchUser - INFO - Program started
2022-05-18 12:26:54,036 - PatchUser - INFO - Program started
2022-05-18 12:26:54,036 - PatchUser - INFO - Program started
2022-05-18 12:26:54,036 - PatchUser - INFO - Program started
2022-05-18 12:26:54,036 - PatchUser - INFO - Program started
2022-05-18 12:26:54,036 - PatchUser - INFO - Program started
2022-05-18 12:26:54,036 - PatchUser - INFO - Program started
2022-05-18 12:26:54,036 - PatchUser - INFO - Program started
2022-05-18 12:26:54,036 - PatchUser - INFO - Program started
2022-05-18 12:26:54,036 - PatchUser - INFO - Program started
2022-05-18 12:26:54,041 - PatchUser - INFO - {'last_name': 'Aksenov', 'first_name': 'Slava', 'phone': '5555', 'email': 'aks8slava@mail.ru', 'country': 'Belarus', 'city': 'Vitebsk'}
2022-05-18 12:26:54,041 - PatchUser - INFO - {'last_name': 'Aksenov', 'first_name': 'Slava', 'phone': '5555', 'email': 'aks8slava@mail.ru', 'country': 'Belarus', 'city': 'Vitebsk'}
2022-05-18 12:26:54,041 - PatchUser - INFO - {'last_name': 'Aksenov', 'first_name': 'Slava', 'phone': '5555', 'email': 'aks8slava@mail.ru', 'country': 'Belarus', 'city': 'Vitebsk'}
2022-05-18 12:26:54,041 - PatchUser - INFO - {'last_name': 'Aksenov', 'first_name': 'Slava', 'phone': '5555', 'email': 'aks8slava@mail.ru', 'country': 'Belarus', 'city': 'Vitebsk'}
2022-05-18 12:26:54,041 - PatchUser - INFO - {'last_name': 'Aksenov', 'first_name': 'Slava', 'phone': '5555', 'email': 'aks8slava@mail.ru', 'country': 'Belarus', 'city': 'Vitebsk'}
2022-05-18 12:26:54,041 - PatchUser - INFO - {'last_name': 'Aksenov', 'first_name': 'Slava', 'phone': '5555', 'email': 'aks8slava@mail.ru', 'country': 'Belarus', 'city': 'Vitebsk'}
2022-05-18 12:26:54,041 - PatchUser - INFO - {'last_name': 'Aksenov', 'first_name': 'Slava', 'phone': '5555', 'email': 'aks8slava@mail.ru', 'country': 'Belarus', 'city': 'Vitebsk'}
2022-05-18 12:26:54,041 - PatchUser - INFO - {'last_name': 'Aksenov', 'first_name': 'Slava', 'phone': '5555', 'email': 'aks8slava@mail.ru', 'country': 'Belarus', 'city': 'Vitebsk'}
2022-05-18 12:26:54,041 - PatchUser - INFO - {'last_name': 'Aksenov', 'first_name': 'Slava', 'phone': '5555', 'email': 'aks8slava@mail.ru', 'country': 'Belarus', 'city': 'Vitebsk'}
2022-05-18 12:26:54,041 - PatchUser - INFO - {'last_name': 'Aksenov', 'first_name': 'Slava', 'phone': '5555', 'email': 'aks8slava@mail.ru', 'country': 'Belarus', 'city': 'Vitebsk'}
2022-05-18 12:27:15,728 - PatchUser - INFO - Program started
2022-05-18 12:27:15,728 - PatchUser - INFO - Program started
2022-05-18 12:27:15,728 - PatchUser - INFO - Program started
2022-05-18 12:27:15,728 - PatchUser - INFO - Program started
2022-05-18 12:27:15,728 - PatchUser - INFO - Program started
2022-05-18 12:27:15,728 - PatchUser - INFO - Program started
2022-05-18 12:27:15,728 - PatchUser - INFO - Program started
2022-05-18 12:27:15,728 - PatchUser - INFO - Program started
2022-05-18 12:27:15,728 - PatchUser - INFO - Program started
2022-05-18 12:27:15,728 - PatchUser - INFO - Program started
2022-05-18 12:27:15,728 - PatchUser - INFO - Program started
2022-05-18 12:27:15,732 - PatchUser - INFO - {'last_name': 'Aksenov', 'first_name': 'Slava', 'phone': '5555', 'email': 'aks8slava@mail.ru', 'country': 'Belarus', 'city': 'Vitebsk'}
2022-05-18 12:27:15,732 - PatchUser - INFO - {'last_name': 'Aksenov', 'first_name': 'Slava', 'phone': '5555', 'email': 'aks8slava@mail.ru', 'country': 'Belarus', 'city': 'Vitebsk'}
2022-05-18 12:27:15,732 - PatchUser - INFO - {'last_name': 'Aksenov', 'first_name': 'Slava', 'phone': '5555', 'email': 'aks8slava@mail.ru', 'country': 'Belarus', 'city': 'Vitebsk'}
2022-05-18 12:27:15,732 - PatchUser - INFO - {'last_name': 'Aksenov', 'first_name': 'Slava', 'phone': '5555', 'email': 'aks8slava@mail.ru', 'country': 'Belarus', 'city': 'Vitebsk'}
2022-05-18 12:27:15,732 - PatchUser - INFO - {'last_name': 'Aksenov', 'first_name': 'Slava', 'phone': '5555', 'email': 'aks8slava@mail.ru', 'country': 'Belarus', 'city': 'Vitebsk'}
2022-05-18 12:27:15,732 - PatchUser - INFO - {'last_name': 'Aksenov', 'first_name': 'Slava', 'phone': '5555', 'email': 'aks8slava@mail.ru', 'country': 'Belarus', 'city': 'Vitebsk'}
2022-05-18 12:27:15,732 - PatchUser - INFO - {'last_name': 'Aksenov', 'first_name': 'Slava', 'phone': '5555', 'email': 'aks8slava@mail.ru', 'country': 'Belarus', 'city': 'Vitebsk'}
2022-05-18 12:27:15,732 - PatchUser - INFO - {'last_name': 'Aksenov', 'first_name': 'Slava', 'phone': '5555', 'email': 'aks8slava@mail.ru', 'country': 'Belarus', 'city': 'Vitebsk'}
2022-05-18 12:27:15,732 - PatchUser - INFO - {'last_name': 'Aksenov', 'first_name': 'Slava', 'phone': '5555', 'email': 'aks8slava@mail.ru', 'country': 'Belarus', 'city': 'Vitebsk'}
2022-05-18 12:27:15,732 - PatchUser - INFO - {'last_name': 'Aksenov', 'first_name': 'Slava', 'phone': '5555', 'email': 'aks8slava@mail.ru', 'country': 'Belarus', 'city': 'Vitebsk'}
2022-05-18 12:27:15,732 - PatchUser - INFO - {'last_name': 'Aksenov', 'first_name': 'Slava', 'phone': '5555', 'email': 'aks8slava@mail.ru', 'country': 'Belarus', 'city': 'Vitebsk'}
2022-05-18 12:27:18,088 - PatchUser - INFO - Program started
2022-05-18 12:27:18,090 - PatchUser - INFO - {'last_name': 'Aksenov', 'first_name': 'Slava', 'phone': '5555', 'email': 'aks8slava@mail.ru', 'country': 'Belarus', 'city': 'Vitebsk'}
2022-05-18 12:28:20,849 - PatchUser - INFO - Program started
2022-05-18 12:28:20,849 - PatchUser - INFO - Program started
2022-05-18 12:28:20,850 - PatchUser - INFO - {'last_name': 'Aksenov', 'first_name': 'Slava', 'phone': '5555', 'email': 'aks8slava@mail.ru', 'country': 'Belarus', 'city': 'Vitebsk'}
2022-05-18 12:28:20,850 - PatchUser - INFO - {'last_name': 'Aksenov', 'first_name': 'Slava', 'phone': '5555', 'email': 'aks8slava@mail.ru', 'country': 'Belarus', 'city': 'Vitebsk'}
2022-05-18 12:28:46,551 - PatchUser - INFO - Program started
2022-05-18 12:28:46,552 - PatchUser - INFO - {'last_name': 'Aksenov', 'first_name': 'Slava', 'phone': '5555', 'email': 'aks8slava@mail.ru', 'country': 'Belarus', 'city': 'Vitebsk'}
2022-05-18 12:30:13,716 - PatchUser - INFO - Program started
2022-05-18 12:30:13,717 - PatchUser - INFO - {'last_name': 'Aksenov', 'first_name': 'Slava', 'phone': '5555', 'email': 'aks8slava@mail.ru', 'country': 'Belarus', 'city': 'Vitebsk'}
2022-05-18 12:30:21,850 - PatchUser - INFO - Program started
2022-05-18 12:30:21,850 - PatchUser - INFO - Program started
2022-05-18 12:30:21,852 - PatchUser - INFO - {'last_name': 'Aksenov', 'first_name': 'Slava', 'phone': '5555', 'email': 'aks8slava@mail.ru', 'country': 'Belarus', 'city': 'Vitebsk'}
2022-05-18 12:30:21,852 - PatchUser - INFO - {'last_name': 'Aksenov', 'first_name': 'Slava', 'phone': '5555', 'email': 'aks8slava@mail.ru', 'country': 'Belarus', 'city': 'Vitebsk'}
2022-05-18 12:30:31,424 - PatchUser - INFO - Program started
2022-05-18 12:30:31,426 - PatchUser - INFO - {'last_name': 'Aksenov', 'first_name': 'Slava', 'phone': '5555', 'email': 'aks8slava@mail.ru', 'country': 'Belarus', 'city': 'Vitebsk'}
2022-05-18 12:31:52,206 - PatchUser - INFO - Program started
2022-05-18 12:31:52,206 - PatchUser - INFO - Program started
2022-05-18 12:31:52,211 - PatchUser - INFO - {'last_name': 'Aksenov', 'first_name': 'Slava', 'phone': '5555', 'email': 'aks8slava@mail.ru', 'country': 'Belarus', 'city': 'Vitebsk'}
2022-05-18 12:31:52,211 - PatchUser - INFO - {'last_name': 'Aksenov', 'first_name': 'Slava', 'phone': '5555', 'email': 'aks8slava@mail.ru', 'country': 'Belarus', 'city': 'Vitebsk'}
2022-05-18 12:33:08,380 - PatchUser - INFO - Program started
2022-05-18 12:33:08,380 - PatchUser - INFO - Program started
2022-05-18 12:33:08,380 - PatchUser - INFO - Program started
2022-05-18 12:33:08,382 - PatchUser - INFO - {'last_name': 'Dodo', 'first_name': 'Slava', 'phone': '12456', 'email': 'aks8slava@mail.ru', 'country': 'Drub', 'city': 'Route'}
2022-05-18 12:33:08,382 - PatchUser - INFO - {'last_name': 'Dodo', 'first_name': 'Slava', 'phone': '12456', 'email': 'aks8slava@mail.ru', 'country': 'Drub', 'city': 'Route'}
2022-05-18 12:33:08,382 - PatchUser - INFO - {'last_name': 'Dodo', 'first_name': 'Slava', 'phone': '12456', 'email': 'aks8slava@mail.ru', 'country': 'Drub', 'city': 'Route'}
2022-05-18 12:34:18,931 - PatchUser - INFO - Program started
2022-05-18 12:34:18,931 - PatchUser - INFO - Program started
2022-05-18 12:34:18,931 - PatchUser - INFO - Program started
2022-05-18 12:34:18,931 - PatchUser - INFO - Program started
2022-05-18 12:34:18,934 - PatchUser - INFO - {'last_name': 'Dodo', 'first_name': 'Slava', 'phone': '12456', 'email': 'aks8slava@mail.ru', 'country': 'Drub', 'city': 'Route'}
2022-05-18 12:34:18,934 - PatchUser - INFO - {'last_name': 'Dodo', 'first_name': 'Slava', 'phone': '12456', 'email': 'aks8slava@mail.ru', 'country': 'Drub', 'city': 'Route'}
2022-05-18 12:34:18,934 - PatchUser - INFO - {'last_name': 'Dodo', 'first_name': 'Slava', 'phone': '12456', 'email': 'aks8slava@mail.ru', 'country': 'Drub', 'city': 'Route'}
2022-05-18 12:34:18,934 - PatchUser - INFO - {'last_name': 'Dodo', 'first_name': 'Slava', 'phone': '12456', 'email': 'aks8slava@mail.ru', 'country': 'Drub', 'city': 'Route'}
2022-05-18 12:35:03,783 - PatchUser - INFO - Program started
2022-05-18 12:35:03,784 - PatchUser - INFO - {'last_name': 'Dodo', 'first_name': 'Slava', 'phone': '12456', 'email': 'aks8slava@mail.ru', 'country': 'Drub', 'city': 'Route'}
2022-05-18 12:35:55,999 - PatchUser - INFO - Program started
2022-05-18 12:35:55,999 - PatchUser - INFO - Program started
2022-05-18 12:35:56,001 - PatchUser - INFO - {'last_name': 'Dodo', 'first_name': 'Slava', 'phone': '12456', 'email': 'aks8slava@mail.ru', 'country': 'Drub', 'city': 'Route'}
2022-05-18 12:35:56,001 - PatchUser - INFO - {'last_name': 'Dodo', 'first_name': 'Slava', 'phone': '12456', 'email': 'aks8slava@mail.ru', 'country': 'Drub', 'city': 'Route'}
2022-05-18 12:36:43,275 - PatchUser - INFO - Program started
2022-05-18 12:36:43,275 - PatchUser - INFO - Program started
2022-05-18 12:36:43,275 - PatchUser - INFO - Program started
2022-05-18 12:36:43,277 - PatchUser - INFO - {'last_name': 'Dodi', 'first_name': 'Slava', 'phone': '234524', 'email': 'aks8slava@mail.ru', 'country': 'ad', 'city': 'ggd'}
2022-05-18 12:36:43,277 - PatchUser - INFO - {'last_name': 'Dodi', 'first_name': 'Slava', 'phone': '234524', 'email': 'aks8slava@mail.ru', 'country': 'ad', 'city': 'ggd'}
2022-05-18 12:36:43,277 - PatchUser - INFO - {'last_name': 'Dodi', 'first_name': 'Slava', 'phone': '234524', 'email': 'aks8slava@mail.ru', 'country': 'ad', 'city': 'ggd'}
2022-05-18 12:38:37,287 - PatchUser - INFO - Program started
2022-05-18 12:38:37,287 - PatchUser - INFO - Program started
2022-05-18 12:38:37,287 - PatchUser - INFO - Program started
2022-05-18 12:38:37,287 - PatchUser - INFO - Program started
2022-05-18 12:38:37,290 - PatchUser - INFO - {'last_name': 'Dodi', 'first_name': 'Slava', 'phone': '234524', 'email': 'aks8slava@mail.ru', 'country': 'ad', 'city': 'ggd'}
2022-05-18 12:38:37,290 - PatchUser - INFO - {'last_name': 'Dodi', 'first_name': 'Slava', 'phone': '234524', 'email': 'aks8slava@mail.ru', 'country': 'ad', 'city': 'ggd'}
2022-05-18 12:38:37,290 - PatchUser - INFO - {'last_name': 'Dodi', 'first_name': 'Slava', 'phone': '234524', 'email': 'aks8slava@mail.ru', 'country': 'ad', 'city': 'ggd'}
2022-05-18 12:38:37,290 - PatchUser - INFO - {'last_name': 'Dodi', 'first_name': 'Slava', 'phone': '234524', 'email': 'aks8slava@mail.ru', 'country': 'ad', 'city': 'ggd'}
2022-05-18 12:38:51,999 - PatchUser - INFO - Program started
2022-05-18 12:38:51,999 - PatchUser - INFO - Program started
2022-05-18 12:38:51,999 - PatchUser - INFO - Program started
2022-05-18 12:38:51,999 - PatchUser - INFO - Program started
2022-05-18 12:38:51,999 - PatchUser - INFO - Program started
2022-05-18 12:38:52,001 - PatchUser - INFO - {'last_name': 'Budnikovh', 'first_name': 'Slava', 'phone': '234524', 'email': 'aks8slava@mail.ru', 'country': 'ad', 'city': 'ggd'}
2022-05-18 12:38:52,001 - PatchUser - INFO - {'last_name': 'Budnikovh', 'first_name': 'Slava', 'phone': '234524', 'email': 'aks8slava@mail.ru', 'country': 'ad', 'city': 'ggd'}
2022-05-18 12:38:52,001 - PatchUser - INFO - {'last_name': 'Budnikovh', 'first_name': 'Slava', 'phone': '234524', 'email': 'aks8slava@mail.ru', 'country': 'ad', 'city': 'ggd'}
2022-05-18 12:38:52,001 - PatchUser - INFO - {'last_name': 'Budnikovh', 'first_name': 'Slava', 'phone': '234524', 'email': 'aks8slava@mail.ru', 'country': 'ad', 'city': 'ggd'}
2022-05-18 12:38:52,001 - PatchUser - INFO - {'last_name': 'Budnikovh', 'first_name': 'Slava', 'phone': '234524', 'email': 'aks8slava@mail.ru', 'country': 'ad', 'city': 'ggd'}
2022-05-18 12:43:19,798 - PatchUser - INFO - Program started
2022-05-18 12:43:19,798 - PatchUser - INFO - Program started
2022-05-18 12:43:19,798 - PatchUser - INFO - Program started
2022-05-18 12:43:19,798 - PatchUser - INFO - Program started
2022-05-18 12:43:19,798 - PatchUser - INFO - Program started
2022-05-18 12:43:19,798 - PatchUser - INFO - Program started
2022-05-18 12:43:19,800 - PatchUser - INFO - {'last_name': 'Volkov', 'first_name': 'Slava', 'phone': '375295044322', 'email': 'aks8slava@mail.ru', 'country': 'Belarus', 'city': 'Vitebsk'}
2022-05-18 12:43:19,800 - PatchUser - INFO - {'last_name': 'Volkov', 'first_name': 'Slava', 'phone': '375295044322', 'email': 'aks8slava@mail.ru', 'country': 'Belarus', 'city': 'Vitebsk'}
2022-05-18 12:43:19,800 - PatchUser - INFO - {'last_name': 'Volkov', 'first_name': 'Slava', 'phone': '375295044322', 'email': 'aks8slava@mail.ru', 'country': 'Belarus', 'city': 'Vitebsk'}
2022-05-18 12:43:19,800 - PatchUser - INFO - {'last_name': 'Volkov', 'first_name': 'Slava', 'phone': '375295044322', 'email': 'aks8slava@mail.ru', 'country': 'Belarus', 'city': 'Vitebsk'}
2022-05-18 12:43:19,800 - PatchUser - INFO - {'last_name': 'Volkov', 'first_name': 'Slava', 'phone': '375295044322', 'email': 'aks8slava@mail.ru', 'country': 'Belarus', 'city': 'Vitebsk'}
2022-05-18 12:43:19,800 - PatchUser - INFO - {'last_name': 'Volkov', 'first_name': 'Slava', 'phone': '375295044322', 'email': 'aks8slava@mail.ru', 'country': 'Belarus', 'city': 'Vitebsk'}
2022-05-18 12:43:27,494 - PatchUser - INFO - Program started
2022-05-18 12:43:27,494 - PatchUser - INFO - Program started
2022-05-18 12:43:27,494 - PatchUser - INFO - Program started
2022-05-18 12:43:27,494 - PatchUser - INFO - Program started
2022-05-18 12:43:27,494 - PatchUser - INFO - Program started
2022-05-18 12:43:27,494 - PatchUser - INFO - Program started
2022-05-18 12:43:27,494 - PatchUser - INFO - Program started
2022-05-18 12:43:27,497 - PatchUser - INFO - {'last_name': 'Volkov', 'first_name': 'Slava', 'phone': '375295044322', 'email': 'aks8slava@mail.ru', 'country': 'Belarus', 'city': 'Vitebsk'}
2022-05-18 12:43:27,497 - PatchUser - INFO - {'last_name': 'Volkov', 'first_name': 'Slava', 'phone': '375295044322', 'email': 'aks8slava@mail.ru', 'country': 'Belarus', 'city': 'Vitebsk'}
2022-05-18 12:43:27,497 - PatchUser - INFO - {'last_name': 'Volkov', 'first_name': 'Slava', 'phone': '375295044322', 'email': 'aks8slava@mail.ru', 'country': 'Belarus', 'city': 'Vitebsk'}
2022-05-18 12:43:27,497 - PatchUser - INFO - {'last_name': 'Volkov', 'first_name': 'Slava', 'phone': '375295044322', 'email': 'aks8slava@mail.ru', 'country': 'Belarus', 'city': 'Vitebsk'}
2022-05-18 12:43:27,497 - PatchUser - INFO - {'last_name': 'Volkov', 'first_name': 'Slava', 'phone': '375295044322', 'email': 'aks8slava@mail.ru', 'country': 'Belarus', 'city': 'Vitebsk'}
2022-05-18 12:43:27,497 - PatchUser - INFO - {'last_name': 'Volkov', 'first_name': 'Slava', 'phone': '375295044322', 'email': 'aks8slava@mail.ru', 'country': 'Belarus', 'city': 'Vitebsk'}
2022-05-18 12:43:27,497 - PatchUser - INFO - {'last_name': 'Volkov', 'first_name': 'Slava', 'phone': '375295044322', 'email': 'aks8slava@mail.ru', 'country': 'Belarus', 'city': 'Vitebsk'}
2022-05-18 12:43:35,509 - PatchUser - INFO - Program started
2022-05-18 12:43:35,509 - PatchUser - INFO - Program started
2022-05-18 12:43:35,509 - PatchUser - INFO - Program started
2022-05-18 12:43:35,509 - PatchUser - INFO - Program started
2022-05-18 12:43:35,509 - PatchUser - INFO - Program started
2022-05-18 12:43:35,509 - PatchUser - INFO - Program started
2022-05-18 12:43:35,509 - PatchUser - INFO - Program started
2022-05-18 12:43:35,509 - PatchUser - INFO - Program started
2022-05-18 12:43:35,513 - PatchUser - INFO - {'last_name': 'Volkov', 'first_name': 'Slava', 'phone': '375295044322', 'email': 'aks8slava@mail.ru', 'country': 'Belarus', 'city': 'Vitebsk'}
2022-05-18 12:43:35,513 - PatchUser - INFO - {'last_name': 'Volkov', 'first_name': 'Slava', 'phone': '375295044322', 'email': 'aks8slava@mail.ru', 'country': 'Belarus', 'city': 'Vitebsk'}
2022-05-18 12:43:35,513 - PatchUser - INFO - {'last_name': 'Volkov', 'first_name': 'Slava', 'phone': '375295044322', 'email': 'aks8slava@mail.ru', 'country': 'Belarus', 'city': 'Vitebsk'}
2022-05-18 12:43:35,513 - PatchUser - INFO - {'last_name': 'Volkov', 'first_name': 'Slava', 'phone': '375295044322', 'email': 'aks8slava@mail.ru', 'country': 'Belarus', 'city': 'Vitebsk'}
2022-05-18 12:43:35,513 - PatchUser - INFO - {'last_name': 'Volkov', 'first_name': 'Slava', 'phone': '375295044322', 'email': 'aks8slava@mail.ru', 'country': 'Belarus', 'city': 'Vitebsk'}
2022-05-18 12:43:35,513 - PatchUser - INFO - {'last_name': 'Volkov', 'first_name': 'Slava', 'phone': '375295044322', 'email': 'aks8slava@mail.ru', 'country': 'Belarus', 'city': 'Vitebsk'}
2022-05-18 12:43:35,513 - PatchUser - INFO - {'last_name': 'Volkov', 'first_name': 'Slava', 'phone': '375295044322', 'email': 'aks8slava@mail.ru', 'country': 'Belarus', 'city': 'Vitebsk'}
2022-05-18 12:43:35,513 - PatchUser - INFO - {'last_name': 'Volkov', 'first_name': 'Slava', 'phone': '375295044322', 'email': 'aks8slava@mail.ru', 'country': 'Belarus', 'city': 'Vitebsk'}
2022-05-18 12:43:54,123 - PatchUser - INFO - Program started
2022-05-18 12:43:54,123 - PatchUser - INFO - Program started
2022-05-18 12:43:54,123 - PatchUser - INFO - Program started
2022-05-18 12:43:54,123 - PatchUser - INFO - Program started
2022-05-18 12:43:54,123 - PatchUser - INFO - Program started
2022-05-18 12:43:54,123 - PatchUser - INFO - Program started
2022-05-18 12:43:54,123 - PatchUser - INFO - Program started
2022-05-18 12:43:54,123 - PatchUser - INFO - Program started
2022-05-18 12:43:54,123 - PatchUser - INFO - Program started
2022-05-18 12:43:54,127 - PatchUser - INFO - {'last_name': 'Volkov', 'first_name': 'Slava', 'phone': '3752950', 'email': 'aks8slava@mail.ru', 'country': 'Belarus', 'city': 'Vitebsk'}
2022-05-18 12:43:54,127 - PatchUser - INFO - {'last_name': 'Volkov', 'first_name': 'Slava', 'phone': '3752950', 'email': 'aks8slava@mail.ru', 'country': 'Belarus', 'city': 'Vitebsk'}
2022-05-18 12:43:54,127 - PatchUser - INFO - {'last_name': 'Volkov', 'first_name': 'Slava', 'phone': '3752950', 'email': 'aks8slava@mail.ru', 'country': 'Belarus', 'city': 'Vitebsk'}
2022-05-18 12:43:54,127 - PatchUser - INFO - {'last_name': 'Volkov', 'first_name': 'Slava', 'phone': '3752950', 'email': 'aks8slava@mail.ru', 'country': 'Belarus', 'city': 'Vitebsk'}
2022-05-18 12:43:54,127 - PatchUser - INFO - {'last_name': 'Volkov', 'first_name': 'Slava', 'phone': '3752950', 'email': 'aks8slava@mail.ru', 'country': 'Belarus', 'city': 'Vitebsk'}
2022-05-18 12:43:54,127 - PatchUser - INFO - {'last_name': 'Volkov', 'first_name': 'Slava', 'phone': '3752950', 'email': 'aks8slava@mail.ru', 'country': 'Belarus', 'city': 'Vitebsk'}
2022-05-18 12:43:54,127 - PatchUser - INFO - {'last_name': 'Volkov', 'first_name': 'Slava', 'phone': '3752950', 'email': 'aks8slava@mail.ru', 'country': 'Belarus', 'city': 'Vitebsk'}
2022-05-18 12:43:54,127 - PatchUser - INFO - {'last_name': 'Volkov', 'first_name': 'Slava', 'phone': '3752950', 'email': 'aks8slava@mail.ru', 'country': 'Belarus', 'city': 'Vitebsk'}
2022-05-18 12:43:54,127 - PatchUser - INFO - {'last_name': 'Volkov', 'first_name': 'Slava', 'phone': '3752950', 'email': 'aks8slava@mail.ru', 'country': 'Belarus', 'city': 'Vitebsk'}
2022-05-18 12:44:35,949 - PatchUser - INFO - Program started
2022-05-18 12:44:35,951 - PatchUser - INFO - {'last_name': 'Volkov', 'first_name': 'Slava', 'phone': '3752950', 'email': 'aks8slava@mail.ru', 'country': 'Belarus', 'city': 'Vitebsk'}
2022-05-18 12:45:29,574 - PatchUser - INFO - Program started
2022-05-18 12:45:29,574 - PatchUser - INFO - Program started
2022-05-18 12:45:29,576 - PatchUser - INFO - {'last_name': 'Volkov', 'first_name': 'Slava', 'phone': '3752950', 'email': 'aks8slava@mail.ru', 'country': 'Belarus', 'city': 'Vitebsk'}
2022-05-18 12:45:29,576 - PatchUser - INFO - {'last_name': 'Volkov', 'first_name': 'Slava', 'phone': '3752950', 'email': 'aks8slava@mail.ru', 'country': 'Belarus', 'city': 'Vitebsk'}
2022-05-20 09:53:36,259 - users.views - ERROR -   
2022-05-22 10:45:59,222 - users.views - ERROR -   
2022-05-23 10:46:06,707 - users.views - INFO - Program started
2022-05-23 10:46:06,711 - users.views - INFO - {'last_name': ' ', 'first_name': ' ', 'phone': 'NaN', 'email': ' ', 'country': ' ', 'city': ' '}
2022-05-23 10:46:09,191 - users.views - INFO - Program started
2022-05-23 10:46:09,192 - users.views - INFO - {'last_name': ' ', 'first_name': ' ', 'phone': 'NaN', 'email': ' ', 'country': ' ', 'city': ' '}
2022-05-23 11:04:10,395 - users.views - INFO - Program started
2022-05-23 11:04:10,397 - users.views - INFO - {'last_name': 'w', 'first_name': 'ew', 'phone': '443', 'email': 'aks8slava@mail.ru', 'country': 'adaasd', 'city': 'asdsad'}
2022-05-23 11:11:33,999 - users.views - INFO - Program started
2022-05-23 11:11:34,002 - users.views - INFO - {'last_name': ' ', 'first_name': ' ', 'phone': 'NaN', 'email': ' ', 'country': ' ', 'city': ' '}
2022-05-23 11:18:53,883 - users.views - INFO - Program started
2022-05-23 11:18:53,884 - users.views - INFO - {'last_name': 'Aksenov', 'first_name': 'Slava', 'phone': '4343443', 'email': 'aks8slava@mail.ru', 'country': 'adsadsad', 'city': 'asdsdasd', 'avatar': <InMemoryUploadedFile: image (image/png)>}
2022-05-23 11:25:21,710 - users.views - INFO - Program started
2022-05-23 11:25:21,713 - users.views - INFO - {'last_name': 'sadasd', 'first_name': 'saas', 'phone': '33223', 'email': 'aks8slava@mail.ru', 'country': ' ', 'city': ' ', 'avatar': <InMemoryUploadedFile: image (image/png)>}
2022-05-23 11:26:06,431 - users.views - INFO - Program started
2022-05-23 11:26:06,433 - users.views - INFO - {'last_name': 'sadasd', 'first_name': 'saas', 'phone': '33223', 'email': 'aks8slava@mail.ru', 'country': ' ', 'city': ' ', 'avatar': <InMemoryUploadedFile: image (image/png)>}
2022-05-23 11:28:31,581 - users.views - INFO - Program started
2022-05-23 11:28:31,584 - users.views - INFO - {'last_name': 'sadasd', 'first_name': 'saas', 'phone': '33223', 'email': 'aks8slava@mail.ru', 'country': ' ', 'city': ' ', 'avatar': <InMemoryUploadedFile: image (image/png)>}
2022-05-23 11:31:13,979 - users.views - INFO - Program started
2022-05-23 11:31:13,982 - users.views - INFO - {'last_name': 'sadasd', 'first_name': 'saas', 'phone': '33223', 'email': 'aks8slava@mail.ru', 'country': ' ', 'city': ' ', 'avatar': <InMemoryUploadedFile: image (image/png)>}
2022-05-23 11:32:53,603 - users.views - INFO - Program started
2022-05-23 11:32:53,605 - users.views - INFO - {'last_name': 'sadasd', 'first_name': 'saas', 'phone': '33223', 'email': 'aks8slava@mail.ru', 'country': ' ', 'city': ' ', 'avatar': <InMemoryUploadedFile: image (image/png)>}
2022-05-23 11:33:39,931 - users.views - INFO - Program started
2022-05-23 11:33:39,933 - users.views - INFO - {'last_name': 'sadasd', 'first_name': 'saas', 'phone': '33223', 'email': 'aks8slava@mail.ru', 'country': ' ', 'city': ' ', 'avatar': <InMemoryUploadedFile: image (image/png)>}
2022-06-18 04:14:57,605 - users.views - INFO - Program started
2022-06-18 04:14:57,609 - users.views - INFO - {'last_name': 'Alekseev', 'first_name': 'Igor', 'phone': '375295044322', 'email': 'tutor@mail.ru', 'country': 'Vitebsk', 'city': 'Vitebsk', 'avatar': <InMemoryUploadedFile: image (image/png)>}
2022-06-18 04:15:19,463 - users.views - INFO - Program started
2022-06-18 04:15:19,466 - users.views - INFO - {'last_name': 'Alekseev', 'first_name': 'Igor', 'phone': '37529504', 'email': 'tutor@mail.ru', 'country': 'Vitebsk', 'city': 'Vitebsk', 'avatar': <InMemoryUploadedFile: image (image/png)>}
2022-06-18 04:41:56,686 - users.views - INFO - Program started
2022-06-18 04:41:56,700 - users.views - INFO - {'last_name': 'Nikolaev', 'first_name': 'Igor', 'phone': 'NaN', 'email': 'undefined', 'country': 'undefined', 'city': 'null', 'avatar': <InMemoryUploadedFile: image (image/png)>}
2022-06-18 13:52:00,250 - users.views - ERROR -   
2022-06-18 14:08:41,858 - users.views - INFO - Program started
2022-06-18 14:08:41,862 - users.views - INFO - {'last_name': 'Akyonov', 'first_name': 'Vyacheslav', 'phone': '5044322', 'email': 'student1@mail.ru', 'country': '', 'city': 'Vitebsk', 'avatar': <InMemoryUploadedFile: image (image/png)>}
